0 info it worked if it ends with ok
1 verbose cli [ 'node', '/usr/local/bin/npm', 'publish', './' ]
2 info using npm@1.4.28
3 info using node@v0.10.32
4 verbose publish [ './' ]
5 verbose cache add [ './', null ]
6 verbose cache add name=undefined spec="./" args=["./",null]
7 verbose parsed url { protocol: null,
7 verbose parsed url   slashes: null,
7 verbose parsed url   auth: null,
7 verbose parsed url   host: null,
7 verbose parsed url   port: null,
7 verbose parsed url   hostname: null,
7 verbose parsed url   hash: null,
7 verbose parsed url   search: null,
7 verbose parsed url   query: null,
7 verbose parsed url   pathname: './',
7 verbose parsed url   path: './',
7 verbose parsed url   href: './' }
8 silly lockFile 0ee6c175- ./
9 verbose lock ./ /Users/sarthakmunshi/.npm/0ee6c175-.lock
10 verbose tar pack [ '/Users/sarthakmunshi/.npm/ideone-npm/1.0.0/package.tgz',
10 verbose tar pack   './' ]
11 verbose tarball /Users/sarthakmunshi/.npm/ideone-npm/1.0.0/package.tgz
12 verbose folder ./
13 info prepublish ideone-npm@1.0.0
14 silly lockFile 04cb2bca-tar tar://./
15 verbose lock tar://./ /Users/sarthakmunshi/.npm/04cb2bca-tar.lock
16 silly lockFile 802c4dbc-npm-ideone-npm-1-0-0-package-tgz tar:///Users/sarthakmunshi/.npm/ideone-npm/1.0.0/package.tgz
17 verbose lock tar:///Users/sarthakmunshi/.npm/ideone-npm/1.0.0/package.tgz /Users/sarthakmunshi/.npm/802c4dbc-npm-ideone-npm-1-0-0-package-tgz.lock
18 silly lockFile 04cb2bca-tar tar://./
19 silly lockFile 04cb2bca-tar tar://./
20 silly lockFile 802c4dbc-npm-ideone-npm-1-0-0-package-tgz tar:///Users/sarthakmunshi/.npm/ideone-npm/1.0.0/package.tgz
21 silly lockFile 802c4dbc-npm-ideone-npm-1-0-0-package-tgz tar:///Users/sarthakmunshi/.npm/ideone-npm/1.0.0/package.tgz
22 silly lockFile 5cb988bf-shi-npm-ideone-npm-1-0-0-package /Users/sarthakmunshi/.npm/ideone-npm/1.0.0/package
23 verbose lock /Users/sarthakmunshi/.npm/ideone-npm/1.0.0/package /Users/sarthakmunshi/.npm/5cb988bf-shi-npm-ideone-npm-1-0-0-package.lock
24 silly lockFile 5cb988bf-shi-npm-ideone-npm-1-0-0-package /Users/sarthakmunshi/.npm/ideone-npm/1.0.0/package
25 silly lockFile 5cb988bf-shi-npm-ideone-npm-1-0-0-package /Users/sarthakmunshi/.npm/ideone-npm/1.0.0/package
26 silly lockFile 0ee6c175- ./
27 silly lockFile 0ee6c175- ./
28 silly publish { name: 'ideone-npm',
28 silly publish   version: '1.0.0',
28 silly publish   description: 'A node package that allows you to compile your code remotely using Ideone\'s Sphere Engine .',
28 silly publish   main: 'index.js',
28 silly publish   scripts: { test: 'echo "Error: no test specified" && exit 1' },
28 silly publish   repository: { type: 'git', url: 'https://github.com/saru95/ideone-npm' },
28 silly publish   author:
28 silly publish    { name: 'Sarthak Munshi',
28 silly publish      email: 'sarthakmunshi@gmail.com',
28 silly publish      url: 'http://sarthakm.me/' },
28 silly publish   license: 'MIT',
28 silly publish   dependencies: { curlrequest: '0.5.2' },
28 silly publish   bugs: { url: 'https://github.com/saru95/ideone-npm/issues' },
28 silly publish   homepage: 'https://github.com/saru95/ideone-npm',
28 silly publish   readme: '#ideone-npm\n\n##Installation\n\nGlobal:\n`npm install -g ideone-npm`\n\nLocal:\n`npm install ideone-npm`\n\n##Usage\n```\nvar Compile = require(\'./ideone-npm\') ;\n\n//In goes your API access token\ncompile = Compile(\'b11bf50b8a391d4e8560e97fd9d63460\') ;\n\n//Source Code to be compiled remotely\nvar sourceCode = \'print 3*20\' ;\n\n//Programming Language Selection\nvar language = \'Python\' ;\n\n//Input for the program\nvar testCases = \'\'\n\n//\'Run\' routine compiles the code and allots a unique \'id\' to its details\ncompile.Run(sourceCode,language,testCases) ;\n\n\ncompile.showDetails() ;\n```\n',
28 silly publish   readmeFilename: 'README.md',
28 silly publish   gitHead: 'fdb5e568134a323a1907e9fbe252c246eccf83d5',
28 silly publish   _id: 'ideone-npm@1.0.0',
28 silly publish   _shasum: 'd4975e9c4431b22e6ac8bc0fadb13b5d938c9973',
28 silly publish   _from: './' }
29 verbose request where is /ideone-npm
30 verbose request registry https://registry.npmjs.org/
31 verbose request id d1587b3a395f6cd6
32 verbose url raw /ideone-npm
33 verbose url resolving [ 'https://registry.npmjs.org/', './ideone-npm' ]
34 verbose url resolved https://registry.npmjs.org/ideone-npm
35 verbose request where is https://registry.npmjs.org/ideone-npm
36 info trying registry request attempt 1 at 19:31:25
37 http PUT https://registry.npmjs.org/ideone-npm
38 http 403 https://registry.npmjs.org/ideone-npm
39 verbose headers { 'content-type': 'application/json',
39 verbose headers   'cache-control': 'max-age=60',
39 verbose headers   'content-length': '95',
39 verbose headers   'accept-ranges': 'bytes',
39 verbose headers   date: 'Wed, 03 Jun 2015 14:01:27 GMT',
39 verbose headers   via: '1.1 varnish',
39 verbose headers   connection: 'keep-alive',
39 verbose headers   'x-served-by': 'cache-sin6923-SIN',
39 verbose headers   'x-cache': 'MISS',
39 verbose headers   'x-cache-hits': '0',
39 verbose headers   'x-timer': 'S1433340085.972895,VS0,VE1986' }
40 error publish Failed PUT 403
41 error Error: "You cannot publish over the previously published version 1.0.0." : ideone-npm
41 error     at RegClient.<anonymous> (/usr/local/lib/node_modules/npm/node_modules/npm-registry-client/lib/request.js:308:14)
41 error     at Request._callback (/usr/local/lib/node_modules/npm/node_modules/npm-registry-client/lib/request.js:246:65)
41 error     at Request.self.callback (/usr/local/lib/node_modules/npm/node_modules/request/request.js:236:22)
41 error     at Request.emit (events.js:98:17)
41 error     at Request.<anonymous> (/usr/local/lib/node_modules/npm/node_modules/request/request.js:1142:14)
41 error     at Request.emit (events.js:117:20)
41 error     at IncomingMessage.<anonymous> (/usr/local/lib/node_modules/npm/node_modules/request/request.js:1096:12)
41 error     at IncomingMessage.emit (events.js:117:20)
41 error     at _stream_readable.js:943:16
41 error     at process._tickCallback (node.js:419:13)
42 error If you need help, you may report this *entire* log,
42 error including the npm and node versions, at:
42 error     <http://github.com/npm/npm/issues>
43 error System Darwin 14.3.0
44 error command "node" "/usr/local/bin/npm" "publish" "./"
45 error cwd /Users/sarthakmunshi/Desktop/Print/ideone-npm
46 error node -v v0.10.32
47 error npm -v 1.4.28
48 verbose exit [ 1, true ]
